0 info it worked if it ends with ok
1 verbose cli [ 'C:\\Program Files\\nodejs\\node.exe',
1 verbose cli   'C:\\Program Files\\nodejs\\node_modules\\npm\\bin\\npm-cli.js',
1 verbose cli   'start' ]
2 info using npm@3.3.12
3 info using node@v5.1.0
4 verbose run-script [ 'prestart', 'start', 'poststart' ]
5 info lifecycle site@0.0.0~prestart: site@0.0.0
6 verbose lifecycle site@0.0.0~prestart: unsafe-perm in lifecycle true
7 verbose lifecycle site@0.0.0~prestart: PATH: C:\Program Files\nodejs\node_modules\npm\bin\node-gyp-bin;C:\Development\GitHubPages\ciwise.github.io\node_modules\.bin;C:\Users\guita\bin;C:\Users\guita\AppData\Local\Programs\Git\mingw64\bin;C:\Users\guita\AppData\Local\Programs\Git\usr\local\bin;C:\Users\guita\AppData\Local\Programs\Git\usr\bin;C:\Users\guita\AppData\Local\Programs\Git\usr\bin;C:\Users\guita\AppData\Local\Programs\Git\mingw64\bin;C:\Users\guita\AppData\Local\Programs\Git\usr\bin;C:\Users\guita\bin;C:\ProgramData\Oracle\Java\javapath;C:\Program Files (x86)\Intel\iCLS Client;C:\Program Files\Intel\iCLS Client;C:\WINDOWS\system32;C:\WINDOWS;C:\WINDOWS\System32\Wbem;C:\WINDOWS\System32\WindowsPowerShell\v1.0;C:\Program Files (x86)\Intel\Intel(R) Management Engine Components\DAL;C:\Program Files\Intel\Intel(R) Management Engine Components\DAL;C:\Program Files (x86)\Intel\Intel(R) Management Engine Components\IPT;C:\Program Files\Intel\Intel(R) Management Engine Components\IPT;C:\Program Files\Java\jdk1.8.0_65\bin;C:\Program Files\nodejs;C:\Tools\apache-maven-3.3.9-bin\apache-maven-3.3.9\bin;C:\Program Files (x86)\QuickTime\QTSystem;C:\Program Files (x86)\Heroku\bin;C:\Program Files (x86)\git\cmd;C:\Tools\Python27;C:\Program Files\PostgreSQL\9.5\bin;C:\Tools\phantomjs-2.0.0-windows\bin;C:\Tools\bind;C:\Ruby21-x64\bin;C:\Users\guita\AppData\Roaming\npm;C:\Users\guita\AppData\Local\Programs\Git\cmd;C:\Tools\apache-maven-3.3.9-bin\apache-maven-3.3.9\bin;C:\Users\guita\AppData\Local\Programs\Git\usr\bin\vendor_perl;C:\Users\guita\AppData\Local\Programs\Git\usr\bin\core_perl
8 verbose lifecycle site@0.0.0~prestart: CWD: C:\Development\GitHubPages\ciwise.github.io
9 silly lifecycle site@0.0.0~prestart: Args: [ '/d /s /c', 'npm install' ]
10 silly lifecycle site@0.0.0~prestart: Returned: code: 1  signal: null
11 info lifecycle site@0.0.0~prestart: Failed to exec prestart script
12 verbose stack Error: site@0.0.0 prestart: `npm install`
12 verbose stack Exit status 1
12 verbose stack     at EventEmitter.<anonymous> (C:\Program Files\nodejs\node_modules\npm\lib\utils\lifecycle.js:232:16)
12 verbose stack     at emitTwo (events.js:87:13)
12 verbose stack     at EventEmitter.emit (events.js:172:7)
12 verbose stack     at ChildProcess.<anonymous> (C:\Program Files\nodejs\node_modules\npm\lib\utils\spawn.js:24:14)
12 verbose stack     at emitTwo (events.js:87:13)
12 verbose stack     at ChildProcess.emit (events.js:172:7)
12 verbose stack     at maybeClose (internal/child_process.js:818:16)
12 verbose stack     at Process.ChildProcess._handle.onexit (internal/child_process.js:211:5)
13 verbose pkgid site@0.0.0
14 verbose cwd C:\Development\GitHubPages\ciwise.github.io
15 error Windows_NT 10.0.10586
16 error argv "C:\\Program Files\\nodejs\\node.exe" "C:\\Program Files\\nodejs\\node_modules\\npm\\bin\\npm-cli.js" "start"
17 error node v5.1.0
18 error npm  v3.3.12
19 error code ELIFECYCLE
20 error site@0.0.0 prestart: `npm install`
20 error Exit status 1
21 error Failed at the site@0.0.0 prestart script 'npm install'.
21 error Make sure you have the latest version of node.js and npm installed.
21 error If you do, this is most likely a problem with the site package,
21 error not with npm itself.
21 error Tell the author that this fails on your system:
21 error     npm install
21 error You can get their info via:
21 error     npm owner ls site
21 error There is likely additional logging output above.
22 verbose exit [ 1, true ]
